  Building Custom Rule C:/Users/meler/Downloads/bullet3-2.89/bullet3-2.89/examples/SharedMemory/CMakeLists.txt
  collisionFilterPlugin.cpp
  pdControlPlugin.cpp
  b3RobotSimulatorClientAPI_NoDirect.cpp
  IKTrajectoryHelper.cpp
  PhysicsClient.cpp
  PhysicsClientSharedMemory.cpp
  PhysicsClientExample.cpp
  PhysicsServerExample.cpp
C:\Users\meler\Downloads\bullet3-2.89\bullet3-2.89\examples\SharedMemory\PhysicsServerExample.cpp(863): warning C4316: 'MultithreadedDebugDrawer': puede que el objeto asignado en el montón no esté alineado 16
C:\Users\meler\Downloads\bullet3-2.89\bullet3-2.89\examples\SharedMemory\PhysicsServerExample.cpp(3234): warning C4316: 'MultiThreadedOpenGLGuiHelper': puede que el objeto asignado en el montón no esté alineado 16
C:\Users\meler\Downloads\bullet3-2.89\bullet3-2.89\examples\SharedMemory\PhysicsServerExample.cpp(3239): warning C4316: 'PhysicsServerExample': puede que el objeto asignado en el montón no esté alineado 16
  PhysicsServerExampleBullet2.cpp
  PhysicsServerSharedMemory.cpp
  PhysicsServer.cpp
  PhysicsClientC_API.cpp
  GraphicsClientExample.cpp
  GraphicsServerExample.cpp
  PosixSharedMemory.cpp
  Win32SharedMemory.cpp
  InProcessMemory.cpp
  PhysicsDirect.cpp
  PhysicsDirectC_API.cpp
  PhysicsLoopBack.cpp
  Generando código...
  Compilando...
  PhysicsLoopBackC_API.cpp
  PhysicsClientSharedMemory_C_API.cpp
  PhysicsClientSharedMemory2_C_API.cpp
  PhysicsClientSharedMemory2.cpp
  SharedMemoryCommandProcessor.cpp
  PhysicsServerCommandProcessor.cpp
C:\Users\meler\Downloads\bullet3-2.89\bullet3-2.89\examples\SharedMemory\PhysicsServerCommandProcessor.cpp(2000): warning C4316: 'PhysicsServerCommandProcessorInternalData': puede que el objeto asignado en el montón no esté alineado 16
C:\Users\meler\Downloads\bullet3-2.89\bullet3-2.89\examples\SharedMemory\PhysicsServerCommandProcessor.cpp(4437): warning C4018: '<': no coinciden signed/unsigned
C:\Users\meler\Downloads\bullet3-2.89\bullet3-2.89\examples\SharedMemory\PhysicsServerCommandProcessor.cpp(4440): warning C4018: '<': no coinciden signed/unsigned
C:\Users\meler\Downloads\bullet3-2.89\bullet3-2.89\examples\SharedMemory\PhysicsServerCommandProcessor.cpp(8116): warning C4018: '<': no coinciden signed/unsigned
C:\Users\meler\Downloads\bullet3-2.89\bullet3-2.89\examples\SharedMemory\PhysicsServerCommandProcessor.cpp(8120): warning C4018: '<': no coinciden signed/unsigned
C:\Users\meler\Downloads\bullet3-2.89\bullet3-2.89\examples\SharedMemory\PhysicsServerCommandProcessor.cpp(8260): warning C4316: 'btDeformableGravityForce': puede que el objeto asignado en el montón no esté alineado 16
C:\Users\meler\Downloads\bullet3-2.89\bullet3-2.89\examples\SharedMemory\PhysicsServerCommandProcessor.cpp(8431): warning C4316: 'btMultiBodyJointFeedback': puede que el objeto asignado en el montón no esté alineado 16
  tinyRendererPlugin.cpp
  TinyRendererVisualShapeConverter.cpp
C:\Users\meler\Downloads\bullet3-2.89\bullet3-2.89\examples\SharedMemory\plugins\tinyRendererPlugin\TinyRendererVisualShapeConverter.cpp(127): warning C4316: 'TinyRendererVisualShapeConverterInternalData': puede que el objeto asignado en el montón no esté alineado 16
C:\Users\meler\Downloads\bullet3-2.89\bullet3-2.89\examples\SharedMemory\plugins\tinyRendererPlugin\TinyRendererVisualShapeConverter.cpp(751): warning C4316: 'TinyRendererObjectArray': puede que el objeto asignado en el montón no esté alineado 16
C:\Users\meler\Downloads\bullet3-2.89\bullet3-2.89\examples\SharedMemory\plugins\tinyRendererPlugin\TinyRendererVisualShapeConverter.cpp(790): warning C4316: 'TinyRenderObjectData': puede que el objeto asignado en el montón no esté alineado 16
  b3PluginManager.cpp
  geometry.cpp
  model.cpp
  tgaimage.cpp
  our_gl.cpp
  TinyRenderer.cpp
  SimpleCamera.cpp
  MyMultiBodyCreator.cpp
C:\Users\meler\Downloads\bullet3-2.89\bullet3-2.89\examples\Importers\ImportURDFDemo\MyMultiBodyCreator.cpp(66): warning C4316: 'GenericConstraintUserInfo': puede que el objeto asignado en el montón no esté alineado 16
C:\Users\meler\Downloads\bullet3-2.89\bullet3-2.89\examples\Importers\ImportURDFDemo\MyMultiBodyCreator.cpp(147): warning C4316: 'GenericConstraintUserInfo': puede que el objeto asignado en el montón no esté alineado 16
C:\Users\meler\Downloads\bullet3-2.89\bullet3-2.89\examples\Importers\ImportURDFDemo\MyMultiBodyCreator.cpp(171): warning C4316: 'GenericConstraintUserInfo': puede que el objeto asignado en el montón no esté alineado 16
  BulletUrdfImporter.cpp
  UrdfParser.cpp
C:\Users\meler\Downloads\bullet3-2.89\bullet3-2.89\examples\Importers\ImportURDFDemo\UrdfParser.cpp(660): warning C4316: 'UrdfMaterial': puede que el objeto asignado en el montón no esté alineado 16
C:\Users\meler\Downloads\bullet3-2.89\bullet3-2.89\examples\Importers\ImportURDFDemo\UrdfParser.cpp(719): warning C4316: 'UrdfMaterial': puede que el objeto asignado en el montón no esté alineado 16
C:\Users\meler\Downloads\bullet3-2.89\bullet3-2.89\examples\Importers\ImportURDFDemo\UrdfParser.cpp(1645): warning C4316: 'UrdfMaterial': puede que el objeto asignado en el montón no esté alineado 16
C:\Users\meler\Downloads\bullet3-2.89\bullet3-2.89\examples\Importers\ImportURDFDemo\UrdfParser.cpp(1667): warning C4316: 'UrdfLink': puede que el objeto asignado en el montón no esté alineado 16
C:\Users\meler\Downloads\bullet3-2.89\bullet3-2.89\examples\Importers\ImportURDFDemo\UrdfParser.cpp(1718): warning C4316: 'UrdfJoint': puede que el objeto asignado en el montón no esté alineado 16
C:\Users\meler\Downloads\bullet3-2.89\bullet3-2.89\examples\Importers\ImportURDFDemo\UrdfParser.cpp(1747): warning C4316: 'UrdfLink': puede que el objeto asignado en el montón no esté alineado 16
C:\Users\meler\Downloads\bullet3-2.89\bullet3-2.89\examples\Importers\ImportURDFDemo\UrdfParser.cpp(1748): warning C4316: 'UrdfJoint': puede que el objeto asignado en el montón no esté alineado 16
C:\Users\meler\Downloads\bullet3-2.89\bullet3-2.89\examples\Importers\ImportURDFDemo\UrdfParser.cpp(1859): warning C4316: 'UrdfModel': puede que el objeto asignado en el montón no esté alineado 16
C:\Users\meler\Downloads\bullet3-2.89\bullet3-2.89\examples\Importers\ImportURDFDemo\UrdfParser.cpp(1894): warning C4316: 'UrdfMaterial': puede que el objeto asignado en el montón no esté alineado 16
C:\Users\meler\Downloads\bullet3-2.89\bullet3-2.89\examples\Importers\ImportURDFDemo\UrdfParser.cpp(1916): warning C4316: 'UrdfLink': puede que el objeto asignado en el montón no esté alineado 16
C:\Users\meler\Downloads\bullet3-2.89\bullet3-2.89\examples\Importers\ImportURDFDemo\UrdfParser.cpp(1967): warning C4316: 'UrdfJoint': puede que el objeto asignado en el montón no esté alineado 16
  urdfStringSplit.cpp
  URDF2Bullet.cpp
  Generando código...
  Compilando...
  BulletMJCFImporter.cpp
C:\Users\meler\Downloads\bullet3-2.89\bullet3-2.89\examples\Importers\ImportMJCFDemo\BulletMJCFImporter.cpp(422): warning C4316: 'UrdfModel': puede que el objeto asignado en el montón no esté alineado 16
C:\Users\meler\Downloads\bullet3-2.89\bullet3-2.89\examples\Importers\ImportMJCFDemo\BulletMJCFImporter.cpp(432): warning C4316: 'UrdfModel': puede que el objeto asignado en el montón no esté alineado 16
C:\Users\meler\Downloads\bullet3-2.89\bullet3-2.89\examples\Importers\ImportMJCFDemo\BulletMJCFImporter.cpp(435): warning C4316: 'UrdfLink': puede que el objeto asignado en el montón no esté alineado 16
C:\Users\meler\Downloads\bullet3-2.89\bullet3-2.89\examples\Importers\ImportMJCFDemo\BulletMJCFImporter.cpp(614): warning C4316: 'UrdfJoint': puede que el objeto asignado en el montón no esté alineado 16
C:\Users\meler\Downloads\bullet3-2.89\bullet3-2.89\examples\Importers\ImportMJCFDemo\BulletMJCFImporter.cpp(1080): warning C4316: 'UrdfLink': puede que el objeto asignado en el montón no esté alineado 16
C:\Users\meler\Downloads\bullet3-2.89\bullet3-2.89\examples\Importers\ImportMJCFDemo\BulletMJCFImporter.cpp(1279): warning C4316: 'UrdfJoint': puede que el objeto asignado en el montón no esté alineado 16
C:\Users\meler\Downloads\bullet3-2.89\bullet3-2.89\examples\Importers\ImportMJCFDemo\BulletMJCFImporter.cpp(1443): warning C4804: '>': uso no seguro del tipo 'bool' en la operación
  b3ResourcePath.cpp
  b3Clock.cpp
  RobotLoggingUtil.cpp
  ChromeTraceUtil.cpp
  Wavefront2GLInstanceGraphicsShape.cpp
C:\Users\meler\Downloads\bullet3-2.89\bullet3-2.89\examples\Importers\ImportObjDemo\Wavefront2GLInstanceGraphicsShape.cpp(49): warning C4018: '<': no coinciden signed/unsigned
C:\Users\meler\Downloads\bullet3-2.89\bullet3-2.89\examples\Importers\ImportObjDemo\Wavefront2GLInstanceGraphicsShape.cpp(78): warning C4018: '<': no coinciden signed/unsigned
C:\Users\meler\Downloads\bullet3-2.89\bullet3-2.89\examples\Importers\ImportObjDemo\Wavefront2GLInstanceGraphicsShape.cpp(107): warning C4018: '<': no coinciden signed/unsigned
  LoadMeshFromObj.cpp
  LoadMeshFromCollada.cpp
  tiny_obj_loader.cpp
  tinyxml2.cpp
  b3ImportMeshUtility.cpp
C:\Users\meler\Downloads\bullet3-2.89\bullet3-2.89\examples\Importers\ImportMeshUtility\b3ImportMeshUtility.cpp(80): warning C4018: '<': no coinciden signed/unsigned
  stb_image.cpp
  b3ThreadSupportInterface.cpp
  b3Win32ThreadSupport.cpp
  hellovr_opengl_main.cpp
  OpenGLGuiHelper.cpp
  GL_ShapeDrawer.cpp
  CollisionShape2TriangleMesh.cpp
  TinyVRGui.cpp
  TimeSeriesCanvas.cpp
  Generando código...
  Compilando...
  TimeSeriesFontData.cpp
  lodepng.cpp
  Matrices.cpp
  pathtools.cpp
C:\Users\meler\Downloads\bullet3-2.89\bullet3-2.89\examples\ThirdPartyLibs\openvr\samples\shared\pathtools.cpp(501): warning C4996: 'stricmp': The POSIX name for this item is deprecated. Instead, use the ISO C and C++ conformant name: _stricmp. See online help for details.
  C:\Program Files (x86)\Windows Kits\10\Include\10.0.17763.0\ucrt\string.h(549): note: vea la declaración de 'stricmp'
C:\Users\meler\Downloads\bullet3-2.89\bullet3-2.89\examples\ThirdPartyLibs\openvr\samples\shared\pathtools.cpp(509): warning C4996: 'stricmp': The POSIX name for this item is deprecated. Instead, use the ISO C and C++ conformant name: _stricmp. See online help for details.
  C:\Program Files (x86)\Windows Kits\10\Include\10.0.17763.0\ucrt\string.h(549): note: vea la declaración de 'stricmp'
C:\Users\meler\Downloads\bullet3-2.89\bullet3-2.89\examples\ThirdPartyLibs\openvr\samples\shared\pathtools.cpp(733): warning C4996: 'strnicmp': The POSIX name for this item is deprecated. Instead, use the ISO C and C++ conformant name: _strnicmp. See online help for details.
  C:\Program Files (x86)\Windows Kits\10\Include\10.0.17763.0\ucrt\string.h(560): note: vea la declaración de 'strnicmp'
C:\Users\meler\Downloads\bullet3-2.89\bullet3-2.89\examples\ThirdPartyLibs\openvr\samples\shared\pathtools.cpp(751): warning C4996: 'strnicmp': The POSIX name for this item is deprecated. Instead, use the ISO C and C++ conformant name: _strnicmp. See online help for details.
  C:\Program Files (x86)\Windows Kits\10\Include\10.0.17763.0\ucrt\string.h(560): note: vea la declaración de 'strnicmp'
  strtools.cpp
C:\Users\meler\Downloads\bullet3-2.89\bullet3-2.89\examples\ThirdPartyLibs\openvr\samples\shared\strtools.cpp(17): warning C4996: 'strnicmp': The POSIX name for this item is deprecated. Instead, use the ISO C and C++ conformant name: _strnicmp. See online help for details.
  C:\Program Files (x86)\Windows Kits\10\Include\10.0.17763.0\ucrt\string.h(560): note: vea la declaración de 'strnicmp'
C:\Users\meler\Downloads\bullet3-2.89\bullet3-2.89\examples\ThirdPartyLibs\openvr\samples\shared\strtools.cpp(35): warning C4996: 'stricmp': The POSIX name for this item is deprecated. Instead, use the ISO C and C++ conformant name: _stricmp. See online help for details.
  C:\Program Files (x86)\Windows Kits\10\Include\10.0.17763.0\ucrt\string.h(549): note: vea la declaración de 'stricmp'
  Generando código...
LINK : warning LNK4075: se omite '/INCREMENTAL' debido a la especificación '/OPT:ICF'
     Creando biblioteca C:/Users/meler/Downloads/bullet3-2.89/bullet3-2.89/examples/SharedMemory/Debug/App_PhysicsServer_SharedMemory_VR.lib y objeto C:/Users/meler/Downloads/bullet3-2.89/bullet3-2.89/examples/SharedMemory/Debug/App_PhysicsServer_SharedMemory_VR.exp
  App_PhysicsServer_SharedMemory_VR.vcxproj -> C:\Users\meler\Downloads\bullet3-2.89\bullet3-2.89\examples\SharedMemory\Debug\App_PhysicsServer_SharedMemory_VR.exe
