  Building Custom Rule C:/Users/meler/Downloads/bullet3-2.89/bullet3-2.89/examples/OpenGLWindow/CMakeLists.txt
  gl.c
  Win32OpenGLWindow.cpp
  Win32Window.cpp
  EGLOpenGLWindow.cpp
  GLFWOpenGLWindow.cpp
  GLInstancingRenderer.cpp
C:\Users\meler\Downloads\bullet3-2.89\bullet3-2.89\examples\OpenGLWindow\GLInstancingRenderer.cpp(364): warning C4316: 'InternalDataRenderer': puede que el objeto asignado en el montón no esté alineado 16
C:\Users\meler\Downloads\bullet3-2.89\bullet3-2.89\examples\OpenGLWindow\GLInstancingRenderer.cpp(1124): warning C4316: 'b3GraphicsInstance': puede que el objeto asignado en el montón no esté alineado 16
  GLPrimitiveRenderer.cpp
  GLRenderToTexture.cpp
  LoadShader.cpp
  OpenSans.cpp
  SimpleCamera.cpp
  SimpleOpenGL2App.cpp
  SimpleOpenGL2Renderer.cpp
  SimpleOpenGL3App.cpp
  TwFonts.cpp
  fontstash.cpp
  opengl_fontstashcallbacks.cpp
  stb_image_write.cpp
  Generando código...
  OpenGLWindow.vcxproj -> C:\Users\meler\Downloads\bullet3-2.89\bullet3-2.89\lib\Debug\OpenGLWindow_Debug.lib
