  Building Custom Rule C:/Users/meler/Downloads/bullet3-2.89/bullet3-2.89/src/Bullet3OpenCL/CMakeLists.txt
  clew.c
  b3GpuGridBroadphase.cpp
C:\Users\meler\Downloads\bullet3-2.89\bullet3-2.89\src\Bullet3OpenCL\BroadphaseCollision\b3GpuGridBroadphase.cpp(248): warning C4018: '<': no coinciden signed/unsigned
  b3GpuSapBroadphase.cpp
  b3GpuParallelLinearBvhBroadphase.cpp
  b3GpuParallelLinearBvh.cpp
  b3OpenCLUtils.cpp
  b3ContactCache.cpp
  b3ConvexHullContact.cpp
  b3GjkEpa.cpp
  b3OptimizedBvh.cpp
  b3QuantizedBvh.cpp
  b3StridingMeshInterface.cpp
  b3TriangleCallback.cpp
  b3TriangleIndexVertexArray.cpp
  b3VoronoiSimplexSolver.cpp
  b3BoundSearchCL.cpp
C:\Users\meler\Downloads\bullet3-2.89\bullet3-2.89\src\Bullet3OpenCL\ParallelPrimitives\b3BoundSearchCL.cpp(106): warning C4018: '<=': no coinciden signed/unsigned
C:\Users\meler\Downloads\bullet3-2.89\bullet3-2.89\src\Bullet3OpenCL\ParallelPrimitives\b3BoundSearchCL.cpp(107): warning C4018: '<=': no coinciden signed/unsigned
  b3FillCL.cpp
  b3LauncherCL.cpp
  b3PrefixScanCL.cpp
  b3PrefixScanFloat4CL.cpp
  b3RadixSort32CL.cpp
  Generando código...
  Compilando...
  b3GpuRaycast.cpp
C:\Users\meler\Downloads\bullet3-2.89\bullet3-2.89\src\Bullet3OpenCL\Raycast\b3GpuRaycast.cpp(302): warning C4018: '>': no coinciden signed/unsigned
  b3GpuGenericConstraint.cpp
  b3GpuJacobiContactSolver.cpp
  b3GpuNarrowPhase.cpp
  b3GpuPgsConstraintSolver.cpp
  b3GpuPgsContactSolver.cpp
  b3GpuRigidBodyPipeline.cpp
C:\Users\meler\Downloads\bullet3-2.89\bullet3-2.89\src\Bullet3OpenCL\RigidBody\b3GpuRigidBodyPipeline.cpp(67): warning C4316: 'b3GpuRigidBodyPipelineInternalData': puede que el objeto asignado en el montón no esté alineado 16
  b3Solver.cpp
  Generando código...
  Bullet3OpenCL_clew.vcxproj -> C:\Users\meler\Downloads\bullet3-2.89\bullet3-2.89\lib\Debug\Bullet3OpenCL_clew_Debug.lib
