  Building Custom Rule C:/Users/meler/Downloads/bullet3-2.89/bullet3-2.89/examples/BasicDemo/CMakeLists.txt
  BasicExample.cpp
C:\Users\meler\Downloads\bullet3-2.89\bullet3-2.89\examples\BasicDemo\BasicExample.cpp(124): warning C4316: 'BasicExample': puede que el objeto asignado en el montón no esté alineado 16
  main.cpp
  Generando código...
LINK : warning LNK4075: se omite '/INCREMENTAL' debido a la especificación '/OPT:ICF'
BulletDynamics_Debug.lib(btDiscreteDynamicsWorld.obj) : error LNK2038: se detectaron diferencias para 'RuntimeLibrary': el valor 'MTd_StaticDebug' no coincide con el valor 'MDd_DynamicDebug' en BasicExample.obj
BulletDynamics_Debug.lib(btRigidBody.obj) : error LNK2038: se detectaron diferencias para 'RuntimeLibrary': el valor 'MTd_StaticDebug' no coincide con el valor 'MDd_DynamicDebug' en BasicExample.obj
BulletDynamics_Debug.lib(btPoint2PointConstraint.obj) : error LNK2038: se detectaron diferencias para 'RuntimeLibrary': el valor 'MTd_StaticDebug' no coincide con el valor 'MDd_DynamicDebug' en BasicExample.obj
BulletDynamics_Debug.lib(btSequentialImpulseConstraintSolver.obj) : error LNK2038: se detectaron diferencias para 'RuntimeLibrary': el valor 'MTd_StaticDebug' no coincide con el valor 'MDd_DynamicDebug' en BasicExample.obj
BulletDynamics_Debug.lib(btTypedConstraint.obj) : error LNK2038: se detectaron diferencias para 'RuntimeLibrary': el valor 'MTd_StaticDebug' no coincide con el valor 'MDd_DynamicDebug' en BasicExample.obj
BulletDynamics_Debug.lib(btConeTwistConstraint.obj) : error LNK2038: se detectaron diferencias para 'RuntimeLibrary': el valor 'MTd_StaticDebug' no coincide con el valor 'MDd_DynamicDebug' en BasicExample.obj
BulletDynamics_Debug.lib(btGeneric6DofConstraint.obj) : error LNK2038: se detectaron diferencias para 'RuntimeLibrary': el valor 'MTd_StaticDebug' no coincide con el valor 'MDd_DynamicDebug' en BasicExample.obj
BulletCollision_Debug.lib(btCollisionObject.obj) : error LNK2038: se detectaron diferencias para 'RuntimeLibrary': el valor 'MTd_StaticDebug' no coincide con el valor 'MDd_DynamicDebug' en BasicExample.obj
BulletCollision_Debug.lib(btCollisionDispatcher.obj) : error LNK2038: se detectaron diferencias para 'RuntimeLibrary': el valor 'MTd_StaticDebug' no coincide con el valor 'MDd_DynamicDebug' en BasicExample.obj
BulletCollision_Debug.lib(btDefaultCollisionConfiguration.obj) : error LNK2038: se detectaron diferencias para 'RuntimeLibrary': el valor 'MTd_StaticDebug' no coincide con el valor 'MDd_DynamicDebug' en BasicExample.obj
BulletCollision_Debug.lib(btDbvtBroadphase.obj) : error LNK2038: se detectaron diferencias para 'RuntimeLibrary': el valor 'MTd_StaticDebug' no coincide con el valor 'MDd_DynamicDebug' en BasicExample.obj
BulletCollision_Debug.lib(btPersistentManifold.obj) : error LNK2038: se detectaron diferencias para 'RuntimeLibrary': el valor 'MTd_StaticDebug' no coincide con el valor 'MDd_DynamicDebug' en BasicExample.obj
BulletCollision_Debug.lib(btCollisionWorld.obj) : error LNK2038: se detectaron diferencias para 'RuntimeLibrary': el valor 'MTd_StaticDebug' no coincide con el valor 'MDd_DynamicDebug' en BasicExample.obj
BulletCollision_Debug.lib(btCollisionShape.obj) : error LNK2038: se detectaron diferencias para 'RuntimeLibrary': el valor 'MTd_StaticDebug' no coincide con el valor 'MDd_DynamicDebug' en BasicExample.obj
BulletCollision_Debug.lib(btSimulationIslandManager.obj) : error LNK2038: se detectaron diferencias para 'RuntimeLibrary': el valor 'MTd_StaticDebug' no coincide con el valor 'MDd_DynamicDebug' en BasicExample.obj
BulletCollision_Debug.lib(btConvexShape.obj) : error LNK2038: se detectaron diferencias para 'RuntimeLibrary': el valor 'MTd_StaticDebug' no coincide con el valor 'MDd_DynamicDebug' en BasicExample.obj
BulletCollision_Debug.lib(btManifoldResult.obj) : error LNK2038: se detectaron diferencias para 'RuntimeLibrary': el valor 'MTd_StaticDebug' no coincide con el valor 'MDd_DynamicDebug' en BasicExample.obj
BulletCollision_Debug.lib(btPolyhedralConvexShape.obj) : error LNK2038: se detectaron diferencias para 'RuntimeLibrary': el valor 'MTd_StaticDebug' no coincide con el valor 'MDd_DynamicDebug' en BasicExample.obj
BulletCollision_Debug.lib(btConvexConvexAlgorithm.obj) : error LNK2038: se detectaron diferencias para 'RuntimeLibrary': el valor 'MTd_StaticDebug' no coincide con el valor 'MDd_DynamicDebug' en BasicExample.obj
BulletCollision_Debug.lib(btEmptyCollisionAlgorithm.obj) : error LNK2038: se detectaron diferencias para 'RuntimeLibrary': el valor 'MTd_StaticDebug' no coincide con el valor 'MDd_DynamicDebug' en BasicExample.obj
BulletCollision_Debug.lib(btConvexConcaveCollisionAlgorithm.obj) : error LNK2038: se detectaron diferencias para 'RuntimeLibrary': el valor 'MTd_StaticDebug' no coincide con el valor 'MDd_DynamicDebug' en BasicExample.obj
BulletCollision_Debug.lib(btCompoundCollisionAlgorithm.obj) : error LNK2038: se detectaron diferencias para 'RuntimeLibrary': el valor 'MTd_StaticDebug' no coincide con el valor 'MDd_DynamicDebug' en BasicExample.obj
BulletCollision_Debug.lib(btCompoundCompoundCollisionAlgorithm.obj) : error LNK2038: se detectaron diferencias para 'RuntimeLibrary': el valor 'MTd_StaticDebug' no coincide con el valor 'MDd_DynamicDebug' en BasicExample.obj
BulletCollision_Debug.lib(btConvexPlaneCollisionAlgorithm.obj) : error LNK2038: se detectaron diferencias para 'RuntimeLibrary': el valor 'MTd_StaticDebug' no coincide con el valor 'MDd_DynamicDebug' en BasicExample.obj
BulletCollision_Debug.lib(btBoxBoxCollisionAlgorithm.obj) : error LNK2038: se detectaron diferencias para 'RuntimeLibrary': el valor 'MTd_StaticDebug' no coincide con el valor 'MDd_DynamicDebug' en BasicExample.obj
BulletCollision_Debug.lib(btSphereSphereCollisionAlgorithm.obj) : error LNK2038: se detectaron diferencias para 'RuntimeLibrary': el valor 'MTd_StaticDebug' no coincide con el valor 'MDd_DynamicDebug' en BasicExample.obj
BulletCollision_Debug.lib(btSphereTriangleCollisionAlgorithm.obj) : error LNK2038: se detectaron diferencias para 'RuntimeLibrary': el valor 'MTd_StaticDebug' no coincide con el valor 'MDd_DynamicDebug' en BasicExample.obj
BulletCollision_Debug.lib(btDbvt.obj) : error LNK2038: se detectaron diferencias para 'RuntimeLibrary': el valor 'MTd_StaticDebug' no coincide con el valor 'MDd_DynamicDebug' en BasicExample.obj
BulletCollision_Debug.lib(btOverlappingPairCache.obj) : error LNK2038: se detectaron diferencias para 'RuntimeLibrary': el valor 'MTd_StaticDebug' no coincide con el valor 'MDd_DynamicDebug' en BasicExample.obj
BulletCollision_Debug.lib(btBvhTriangleMeshShape.obj) : error LNK2038: se detectaron diferencias para 'RuntimeLibrary': el valor 'MTd_StaticDebug' no coincide con el valor 'MDd_DynamicDebug' en BasicExample.obj
BulletCollision_Debug.lib(btHeightfieldTerrainShape.obj) : error LNK2038: se detectaron diferencias para 'RuntimeLibrary': el valor 'MTd_StaticDebug' no coincide con el valor 'MDd_DynamicDebug' en BasicExample.obj
BulletCollision_Debug.lib(btUnionFind.obj) : error LNK2038: se detectaron diferencias para 'RuntimeLibrary': el valor 'MTd_StaticDebug' no coincide con el valor 'MDd_DynamicDebug' en BasicExample.obj
BulletCollision_Debug.lib(btConvexPolyhedron.obj) : error LNK2038: se detectaron diferencias para 'RuntimeLibrary': el valor 'MTd_StaticDebug' no coincide con el valor 'MDd_DynamicDebug' en BasicExample.obj
BulletCollision_Debug.lib(btActivatingCollisionAlgorithm.obj) : error LNK2038: se detectaron diferencias para 'RuntimeLibrary': el valor 'MTd_StaticDebug' no coincide con el valor 'MDd_DynamicDebug' en BasicExample.obj
BulletCollision_Debug.lib(btPolyhedralContactClipping.obj) : error LNK2038: se detectaron diferencias para 'RuntimeLibrary': el valor 'MTd_StaticDebug' no coincide con el valor 'MDd_DynamicDebug' en BasicExample.obj
BulletCollision_Debug.lib(btCollisionAlgorithm.obj) : error LNK2038: se detectaron diferencias para 'RuntimeLibrary': el valor 'MTd_StaticDebug' no coincide con el valor 'MDd_DynamicDebug' en BasicExample.obj
BulletCollision_Debug.lib(btSdfCollisionShape.obj) : error LNK2038: se detectaron diferencias para 'RuntimeLibrary': el valor 'MTd_StaticDebug' no coincide con el valor 'MDd_DynamicDebug' en BasicExample.obj
BulletCollision_Debug.lib(btHashedSimplePairCache.obj) : error LNK2038: se detectaron diferencias para 'RuntimeLibrary': el valor 'MTd_StaticDebug' no coincide con el valor 'MDd_DynamicDebug' en BasicExample.obj
BulletCollision_Debug.lib(btQuantizedBvh.obj) : error LNK2038: se detectaron diferencias para 'RuntimeLibrary': el valor 'MTd_StaticDebug' no coincide con el valor 'MDd_DynamicDebug' en BasicExample.obj
BulletCollision_Debug.lib(btOptimizedBvh.obj) : error LNK2038: se detectaron diferencias para 'RuntimeLibrary': el valor 'MTd_StaticDebug' no coincide con el valor 'MDd_DynamicDebug' en BasicExample.obj
BulletCollision_Debug.lib(btMiniSDF.obj) : error LNK2038: se detectaron diferencias para 'RuntimeLibrary': el valor 'MTd_StaticDebug' no coincide con el valor 'MDd_DynamicDebug' en BasicExample.obj
LinearMath_Debug.lib(btConvexHullComputer.obj) : error LNK2038: se detectaron diferencias para 'RuntimeLibrary': el valor 'MTd_StaticDebug' no coincide con el valor 'MDd_DynamicDebug' en BasicExample.obj
LinearMath_Debug.lib(btGeometryUtil.obj) : error LNK2038: se detectaron diferencias para 'RuntimeLibrary': el valor 'MTd_StaticDebug' no coincide con el valor 'MDd_DynamicDebug' en BasicExample.obj
LINK : warning LNK4098: la biblioteca predeterminada'LIBCMTD' entra en conflicto con otras bibliotecas; use la biblioteca /NODEFAULTLIB:biblioteca
C:\Users\meler\Downloads\bullet3-2.89\bullet3-2.89\examples\BasicDemo\Debug\App_BasicExample.exe : fatal error LNK1319: diferencias detectadas: 43
