  Building Custom Rule C:/Users/meler/Downloads/bullet3-2.89/bullet3-2.89/Extras/BulletRobotics/CMakeLists.txt
  SimpleCamera.cpp
  geometry.cpp
  model.cpp
  tgaimage.cpp
  our_gl.cpp
  TinyRenderer.cpp
  collisionFilterPlugin.cpp
  pdControlPlugin.cpp
  b3RobotSimulatorClientAPI_NoGUI.cpp
  b3RobotSimulatorClientAPI_NoDirect.cpp
  IKTrajectoryHelper.cpp
  tinyRendererPlugin.cpp
  TinyRendererVisualShapeConverter.cpp
C:\Users\meler\Downloads\bullet3-2.89\bullet3-2.89\examples\SharedMemory\plugins\tinyRendererPlugin\TinyRendererVisualShapeConverter.cpp(127): warning C4316: 'TinyRendererVisualShapeConverterInternalData': puede que el objeto asignado en el montón no esté alineado 16
C:\Users\meler\Downloads\bullet3-2.89\bullet3-2.89\examples\SharedMemory\plugins\tinyRendererPlugin\TinyRendererVisualShapeConverter.cpp(751): warning C4316: 'TinyRendererObjectArray': puede que el objeto asignado en el montón no esté alineado 16
C:\Users\meler\Downloads\bullet3-2.89\bullet3-2.89\examples\SharedMemory\plugins\tinyRendererPlugin\TinyRendererVisualShapeConverter.cpp(790): warning C4316: 'TinyRenderObjectData': puede que el objeto asignado en el montón no esté alineado 16
  InProcessMemory.cpp
  PhysicsClient.cpp
  PhysicsServer.cpp
  PhysicsServerSharedMemory.cpp
  PhysicsDirect.cpp
  PhysicsDirectC_API.cpp
  PhysicsServerCommandProcessor.cpp
C:\Users\meler\Downloads\bullet3-2.89\bullet3-2.89\examples\SharedMemory\PhysicsServerCommandProcessor.cpp(2000): warning C4316: 'PhysicsServerCommandProcessorInternalData': puede que el objeto asignado en el montón no esté alineado 16
C:\Users\meler\Downloads\bullet3-2.89\bullet3-2.89\examples\SharedMemory\PhysicsServerCommandProcessor.cpp(4437): warning C4018: '<': no coinciden signed/unsigned
C:\Users\meler\Downloads\bullet3-2.89\bullet3-2.89\examples\SharedMemory\PhysicsServerCommandProcessor.cpp(4440): warning C4018: '<': no coinciden signed/unsigned
C:\Users\meler\Downloads\bullet3-2.89\bullet3-2.89\examples\SharedMemory\PhysicsServerCommandProcessor.cpp(8116): warning C4018: '<': no coinciden signed/unsigned
C:\Users\meler\Downloads\bullet3-2.89\bullet3-2.89\examples\SharedMemory\PhysicsServerCommandProcessor.cpp(8120): warning C4018: '<': no coinciden signed/unsigned
C:\Users\meler\Downloads\bullet3-2.89\bullet3-2.89\examples\SharedMemory\PhysicsServerCommandProcessor.cpp(8260): warning C4316: 'btDeformableGravityForce': puede que el objeto asignado en el montón no esté alineado 16
C:\Users\meler\Downloads\bullet3-2.89\bullet3-2.89\examples\SharedMemory\PhysicsServerCommandProcessor.cpp(8431): warning C4316: 'btMultiBodyJointFeedback': puede que el objeto asignado en el montón no esté alineado 16
  Generando código...
  Compilando...
  b3PluginManager.cpp
  PhysicsClientSharedMemory.cpp
  PhysicsClientSharedMemory_C_API.cpp
  PhysicsClientC_API.cpp
  Win32SharedMemory.cpp
  PosixSharedMemory.cpp
  b3ResourcePath.cpp
  RobotLoggingUtil.cpp
  b3Clock.cpp
  ChromeTraceUtil.cpp
  tinyxml2.cpp
  tiny_obj_loader.cpp
  stb_image.cpp
  Jacobian.cpp
  LinearR2.cpp
  LinearR3.cpp
  LinearR4.cpp
  MatrixRmn.cpp
  Misc.cpp
  Node.cpp
  Generando código...
  Compilando...
  Tree.cpp
  VectorRn.cpp
  LoadMeshFromCollada.cpp
  LoadMeshFromObj.cpp
  Wavefront2GLInstanceGraphicsShape.cpp
C:\Users\meler\Downloads\bullet3-2.89\bullet3-2.89\examples\Importers\ImportObjDemo\Wavefront2GLInstanceGraphicsShape.cpp(49): warning C4018: '<': no coinciden signed/unsigned
C:\Users\meler\Downloads\bullet3-2.89\bullet3-2.89\examples\Importers\ImportObjDemo\Wavefront2GLInstanceGraphicsShape.cpp(78): warning C4018: '<': no coinciden signed/unsigned
C:\Users\meler\Downloads\bullet3-2.89\bullet3-2.89\examples\Importers\ImportObjDemo\Wavefront2GLInstanceGraphicsShape.cpp(107): warning C4018: '<': no coinciden signed/unsigned
  BulletMJCFImporter.cpp
C:\Users\meler\Downloads\bullet3-2.89\bullet3-2.89\examples\Importers\ImportMJCFDemo\BulletMJCFImporter.cpp(422): warning C4316: 'UrdfModel': puede que el objeto asignado en el montón no esté alineado 16
C:\Users\meler\Downloads\bullet3-2.89\bullet3-2.89\examples\Importers\ImportMJCFDemo\BulletMJCFImporter.cpp(432): warning C4316: 'UrdfModel': puede que el objeto asignado en el montón no esté alineado 16
C:\Users\meler\Downloads\bullet3-2.89\bullet3-2.89\examples\Importers\ImportMJCFDemo\BulletMJCFImporter.cpp(435): warning C4316: 'UrdfLink': puede que el objeto asignado en el montón no esté alineado 16
C:\Users\meler\Downloads\bullet3-2.89\bullet3-2.89\examples\Importers\ImportMJCFDemo\BulletMJCFImporter.cpp(614): warning C4316: 'UrdfJoint': puede que el objeto asignado en el montón no esté alineado 16
C:\Users\meler\Downloads\bullet3-2.89\bullet3-2.89\examples\Importers\ImportMJCFDemo\BulletMJCFImporter.cpp(1080): warning C4316: 'UrdfLink': puede que el objeto asignado en el montón no esté alineado 16
C:\Users\meler\Downloads\bullet3-2.89\bullet3-2.89\examples\Importers\ImportMJCFDemo\BulletMJCFImporter.cpp(1279): warning C4316: 'UrdfJoint': puede que el objeto asignado en el montón no esté alineado 16
C:\Users\meler\Downloads\bullet3-2.89\bullet3-2.89\examples\Importers\ImportMJCFDemo\BulletMJCFImporter.cpp(1443): warning C4804: '>': uso no seguro del tipo 'bool' en la operación
  BulletUrdfImporter.cpp
  MyMultiBodyCreator.cpp
C:\Users\meler\Downloads\bullet3-2.89\bullet3-2.89\examples\Importers\ImportURDFDemo\MyMultiBodyCreator.cpp(66): warning C4316: 'GenericConstraintUserInfo': puede que el objeto asignado en el montón no esté alineado 16
C:\Users\meler\Downloads\bullet3-2.89\bullet3-2.89\examples\Importers\ImportURDFDemo\MyMultiBodyCreator.cpp(147): warning C4316: 'GenericConstraintUserInfo': puede que el objeto asignado en el montón no esté alineado 16
C:\Users\meler\Downloads\bullet3-2.89\bullet3-2.89\examples\Importers\ImportURDFDemo\MyMultiBodyCreator.cpp(171): warning C4316: 'GenericConstraintUserInfo': puede que el objeto asignado en el montón no esté alineado 16
  URDF2Bullet.cpp
  UrdfParser.cpp
C:\Users\meler\Downloads\bullet3-2.89\bullet3-2.89\examples\Importers\ImportURDFDemo\UrdfParser.cpp(660): warning C4316: 'UrdfMaterial': puede que el objeto asignado en el montón no esté alineado 16
C:\Users\meler\Downloads\bullet3-2.89\bullet3-2.89\examples\Importers\ImportURDFDemo\UrdfParser.cpp(719): warning C4316: 'UrdfMaterial': puede que el objeto asignado en el montón no esté alineado 16
C:\Users\meler\Downloads\bullet3-2.89\bullet3-2.89\examples\Importers\ImportURDFDemo\UrdfParser.cpp(1645): warning C4316: 'UrdfMaterial': puede que el objeto asignado en el montón no esté alineado 16
C:\Users\meler\Downloads\bullet3-2.89\bullet3-2.89\examples\Importers\ImportURDFDemo\UrdfParser.cpp(1667): warning C4316: 'UrdfLink': puede que el objeto asignado en el montón no esté alineado 16
C:\Users\meler\Downloads\bullet3-2.89\bullet3-2.89\examples\Importers\ImportURDFDemo\UrdfParser.cpp(1718): warning C4316: 'UrdfJoint': puede que el objeto asignado en el montón no esté alineado 16
C:\Users\meler\Downloads\bullet3-2.89\bullet3-2.89\examples\Importers\ImportURDFDemo\UrdfParser.cpp(1747): warning C4316: 'UrdfLink': puede que el objeto asignado en el montón no esté alineado 16
C:\Users\meler\Downloads\bullet3-2.89\bullet3-2.89\examples\Importers\ImportURDFDemo\UrdfParser.cpp(1748): warning C4316: 'UrdfJoint': puede que el objeto asignado en el montón no esté alineado 16
C:\Users\meler\Downloads\bullet3-2.89\bullet3-2.89\examples\Importers\ImportURDFDemo\UrdfParser.cpp(1859): warning C4316: 'UrdfModel': puede que el objeto asignado en el montón no esté alineado 16
C:\Users\meler\Downloads\bullet3-2.89\bullet3-2.89\examples\Importers\ImportURDFDemo\UrdfParser.cpp(1894): warning C4316: 'UrdfMaterial': puede que el objeto asignado en el montón no esté alineado 16
C:\Users\meler\Downloads\bullet3-2.89\bullet3-2.89\examples\Importers\ImportURDFDemo\UrdfParser.cpp(1916): warning C4316: 'UrdfLink': puede que el objeto asignado en el montón no esté alineado 16
C:\Users\meler\Downloads\bullet3-2.89\bullet3-2.89\examples\Importers\ImportURDFDemo\UrdfParser.cpp(1967): warning C4316: 'UrdfJoint': puede que el objeto asignado en el montón no esté alineado 16
  urdfStringSplit.cpp
  b3ImportMeshUtility.cpp
C:\Users\meler\Downloads\bullet3-2.89\bullet3-2.89\examples\Importers\ImportMeshUtility\b3ImportMeshUtility.cpp(80): warning C4018: '<': no coinciden signed/unsigned
  b3PosixThreadSupport.cpp
  b3Win32ThreadSupport.cpp
  b3ThreadSupportInterface.cpp
  PhysicsClientUDP.cpp
  PhysicsClientUDP_C_API.cpp
  PhysicsClientTCP.cpp
C:\Program Files (x86)\Microsoft Visual Studio\2017\Community\VC\Tools\MSVC\14.16.27023\include\stdint.h(56): warning C4005: 'UINT8_MAX': redefinición de macro
  c:\users\meler\downloads\bullet3-2.89\bullet3-2.89\examples\thirdpartylibs\clsocket\src\Host.h(107): note: vea la definición anterior de 'UINT8_MAX'
C:\Program Files (x86)\Microsoft Visual Studio\2017\Community\VC\Tools\MSVC\14.16.27023\include\stdint.h(57): warning C4005: 'UINT16_MAX': redefinición de macro
  c:\users\meler\downloads\bullet3-2.89\bullet3-2.89\examples\thirdpartylibs\clsocket\src\Host.h(110): note: vea la definición anterior de 'UINT16_MAX'
C:\Program Files (x86)\Microsoft Visual Studio\2017\Community\VC\Tools\MSVC\14.16.27023\include\stdint.h(58): warning C4005: 'UINT32_MAX': redefinición de macro
  c:\users\meler\downloads\bullet3-2.89\bullet3-2.89\examples\thirdpartylibs\clsocket\src\Host.h(113): note: vea la definición anterior de 'UINT32_MAX'
  PhysicsClientTCP_C_API.cpp
  SimpleSocket.cpp
c:\users\meler\downloads\bullet3-2.89\bullet3-2.89\examples\thirdpartylibs\clsocket\src\SimpleSocket.h(484): warning C4996: 'inet_ntoa': Use inet_ntop() or InetNtop() instead or define _WINSOCK_DEPRECATED_NO_WARNINGS to disable deprecated API warnings
  C:\Program Files (x86)\Windows Kits\10\Include\10.0.17763.0\um\winsock2.h(1849): note: vea la declaración de 'inet_ntoa'
c:\users\meler\downloads\bullet3-2.89\bullet3-2.89\examples\thirdpartylibs\clsocket\src\SimpleSocket.h(498): warning C4996: 'inet_ntoa': Use inet_ntop() or InetNtop() instead or define _WINSOCK_DEPRECATED_NO_WARNINGS to disable deprecated API warnings
  C:\Program Files (x86)\Windows Kits\10\Include\10.0.17763.0\um\winsock2.h(1849): note: vea la declaración de 'inet_ntoa'
C:\Users\meler\Downloads\bullet3-2.89\bullet3-2.89\examples\ThirdPartyLibs\clsocket\src\SimpleSocket.cpp(177): warning C4996: 'inet_addr': Use inet_pton() or InetPton() instead or define _WINSOCK_DEPRECATED_NO_WARNINGS to disable deprecated API warnings
  C:\Program Files (x86)\Windows Kits\10\Include\10.0.17763.0\um\winsock2.h(1831): note: vea la declaración de 'inet_addr'
C:\Users\meler\Downloads\bullet3-2.89\bullet3-2.89\examples\ThirdPartyLibs\clsocket\src\SimpleSocket.cpp(895): warning C4996: 'lseek': The POSIX name for this item is deprecated. Instead, use the ISO C and C++ conformant name: _lseek. See online help for details.
  C:\Program Files (x86)\Windows Kits\10\Include\10.0.17763.0\ucrt\corecrt_io.h(503): note: vea la declaración de 'lseek'
C:\Users\meler\Downloads\bullet3-2.89\bullet3-2.89\examples\ThirdPartyLibs\clsocket\src\SimpleSocket.cpp(904): warning C4996: 'read': The POSIX name for this item is deprecated. Instead, use the ISO C and C++ conformant name: _read. See online help for details.
  C:\Program Files (x86)\Windows Kits\10\Include\10.0.17763.0\ucrt\corecrt_io.h(523): note: vea la declaración de 'read'
  Generando código...
  Compilando...
  ActiveSocket.cpp
c:\users\meler\downloads\bullet3-2.89\bullet3-2.89\examples\thirdpartylibs\clsocket\src\SimpleSocket.h(484): warning C4996: 'inet_ntoa': Use inet_ntop() or InetNtop() instead or define _WINSOCK_DEPRECATED_NO_WARNINGS to disable deprecated API warnings
  C:\Program Files (x86)\Windows Kits\10\Include\10.0.17763.0\um\winsock2.h(1849): note: vea la declaración de 'inet_ntoa'
c:\users\meler\downloads\bullet3-2.89\bullet3-2.89\examples\thirdpartylibs\clsocket\src\SimpleSocket.h(498): warning C4996: 'inet_ntoa': Use inet_ntop() or InetNtop() instead or define _WINSOCK_DEPRECATED_NO_WARNINGS to disable deprecated API warnings
  C:\Program Files (x86)\Windows Kits\10\Include\10.0.17763.0\um\winsock2.h(1849): note: vea la declaración de 'inet_ntoa'
C:\Users\meler\Downloads\bullet3-2.89\bullet3-2.89\examples\ThirdPartyLibs\clsocket\src\ActiveSocket.cpp(65): warning C4996: 'gethostbyname': Use getaddrinfo() or GetAddrInfoW() instead or define _WINSOCK_DEPRECATED_NO_WARNINGS to disable deprecated API warnings
  C:\Program Files (x86)\Windows Kits\10\Include\10.0.17763.0\um\winsock2.h(2219): note: vea la declaración de 'gethostbyname'
C:\Users\meler\Downloads\bullet3-2.89\bullet3-2.89\examples\ThirdPartyLibs\clsocket\src\ActiveSocket.cpp(145): warning C4996: 'gethostbyname': Use getaddrinfo() or GetAddrInfoW() instead or define _WINSOCK_DEPRECATED_NO_WARNINGS to disable deprecated API warnings
  C:\Program Files (x86)\Windows Kits\10\Include\10.0.17763.0\um\winsock2.h(2219): note: vea la declaración de 'gethostbyname'
C:\Users\meler\Downloads\bullet3-2.89\bullet3-2.89\examples\ThirdPartyLibs\clsocket\src\ActiveSocket.cpp(203): warning C4996: 'gethostbyname': Use getaddrinfo() or GetAddrInfoW() instead or define _WINSOCK_DEPRECATED_NO_WARNINGS to disable deprecated API warnings
  C:\Program Files (x86)\Windows Kits\10\Include\10.0.17763.0\um\winsock2.h(2219): note: vea la declaración de 'gethostbyname'
  PassiveSocket.cpp
c:\users\meler\downloads\bullet3-2.89\bullet3-2.89\examples\thirdpartylibs\clsocket\src\SimpleSocket.h(484): warning C4996: 'inet_ntoa': Use inet_ntop() or InetNtop() instead or define _WINSOCK_DEPRECATED_NO_WARNINGS to disable deprecated API warnings
  C:\Program Files (x86)\Windows Kits\10\Include\10.0.17763.0\um\winsock2.h(1849): note: vea la declaración de 'inet_ntoa'
c:\users\meler\downloads\bullet3-2.89\bullet3-2.89\examples\thirdpartylibs\clsocket\src\SimpleSocket.h(498): warning C4996: 'inet_ntoa': Use inet_ntop() or InetNtop() instead or define _WINSOCK_DEPRECATED_NO_WARNINGS to disable deprecated API warnings
  C:\Program Files (x86)\Windows Kits\10\Include\10.0.17763.0\um\winsock2.h(1849): note: vea la declaración de 'inet_ntoa'
C:\Users\meler\Downloads\bullet3-2.89\bullet3-2.89\examples\ThirdPartyLibs\clsocket\src\PassiveSocket.cpp(80): warning C4996: 'inet_addr': Use inet_pton() or InetPton() instead or define _WINSOCK_DEPRECATED_NO_WARNINGS to disable deprecated API warnings
  C:\Program Files (x86)\Windows Kits\10\Include\10.0.17763.0\um\winsock2.h(1831): note: vea la declaración de 'inet_addr'
C:\Users\meler\Downloads\bullet3-2.89\bullet3-2.89\examples\ThirdPartyLibs\clsocket\src\PassiveSocket.cpp(94): warning C4996: 'inet_addr': Use inet_pton() or InetPton() instead or define _WINSOCK_DEPRECATED_NO_WARNINGS to disable deprecated API warnings
  C:\Program Files (x86)\Windows Kits\10\Include\10.0.17763.0\um\winsock2.h(1831): note: vea la declaración de 'inet_addr'
C:\Users\meler\Downloads\bullet3-2.89\bullet3-2.89\examples\ThirdPartyLibs\clsocket\src\PassiveSocket.cpp(165): warning C4996: 'inet_addr': Use inet_pton() or InetPton() instead or define _WINSOCK_DEPRECATED_NO_WARNINGS to disable deprecated API warnings
  C:\Program Files (x86)\Windows Kits\10\Include\10.0.17763.0\um\winsock2.h(1831): note: vea la declaración de 'inet_addr'
  Generando código...
  win32.c
  unix.c
  callbacks.c
  compress.c
C:\Users\meler\Downloads\bullet3-2.89\bullet3-2.89\examples\ThirdPartyLibs\enet\compress.c(308): warning C4146: operador unario menos aplicado a un tipo unsigned; el resultado aún no tiene signo
C:\Users\meler\Downloads\bullet3-2.89\bullet3-2.89\examples\ThirdPartyLibs\enet\compress.c(313): warning C4146: operador unario menos aplicado a un tipo unsigned; el resultado aún no tiene signo
C:\Users\meler\Downloads\bullet3-2.89\bullet3-2.89\examples\ThirdPartyLibs\enet\compress.c(331): warning C4146: operador unario menos aplicado a un tipo unsigned; el resultado aún no tiene signo
C:\Users\meler\Downloads\bullet3-2.89\bullet3-2.89\examples\ThirdPartyLibs\enet\compress.c(560): warning C4146: operador unario menos aplicado a un tipo unsigned; el resultado aún no tiene signo
C:\Users\meler\Downloads\bullet3-2.89\bullet3-2.89\examples\ThirdPartyLibs\enet\compress.c(575): warning C4146: operador unario menos aplicado a un tipo unsigned; el resultado aún no tiene signo
C:\Users\meler\Downloads\bullet3-2.89\bullet3-2.89\examples\ThirdPartyLibs\enet\compress.c(590): warning C4146: operador unario menos aplicado a un tipo unsigned; el resultado aún no tiene signo
C:\Users\meler\Downloads\bullet3-2.89\bullet3-2.89\examples\ThirdPartyLibs\enet\compress.c(605): warning C4146: operador unario menos aplicado a un tipo unsigned; el resultado aún no tiene signo
  host.c
  list.c
  packet.c
  peer.c
  protocol.c
  Generando código...
  BulletRobotics.vcxproj -> C:\Users\meler\Downloads\bullet3-2.89\bullet3-2.89\lib\Debug\BulletRobotics_Debug.lib
